Using pre-set license
Built from '2020.2/release' branch; Version is '2020.2.1f1 (270dd8c3da1c) revision 2559448'; Using compiler version '192528614'; Build Type 'Release'
OS: 'Windows 10  (10.0.0) 64bit' Language: 'en' Physical Memory: 16327 MB
BatchMode: 1, IsHumanControllingUs: 0, StartBugReporterOnCrash: 0, Is64bit: 1, IsPro: 0

 COMMAND LINE ARGUMENTS:
C:\Program Files\Unity\Hub\Editor\2020.2.1f1\Editor\Unity.exe
-adb2
-batchMode
-noUpm
-name
AssetImportWorker0
-projectPath
C:/Users/admin/Desktop/Demo
-logFile
Logs/AssetImportWorker0.log
-srvPort
49819
Successfully changed project path to: C:/Users/admin/Desktop/Demo
C:/Users/admin/Desktop/Demo
Using Asset Import Pipeline V2.
Refreshing native plugins compatible for Editor in 179.58 ms, found 1 plugins.
Preloading 0 native plugins for Editor in 0.00 ms.
Initialize engine version: 2020.2.1f1 (270dd8c3da1c)
[Subsystems] Discovering subsystems at path C:/Program Files/Unity/Hub/Editor/2020.2.1f1/Editor/Data/Resources/UnitySubsystems
[Subsystems] Discovering subsystems at path C:/Users/admin/Desktop/Demo/Assets
GfxDevice: creating device client; threaded=0
Direct3D:
    Version:  Direct3D 11.0 [level 11.1]
    Renderer: NVIDIA GeForce GTX 1650 (ID=0x1f82)
    Vendor:   
    VRAM:     3962 MB
    Driver:   27.21.14.5671
Initialize mono
Mono path[0] = 'C:/Program Files/Unity/Hub/Editor/2020.2.1f1/Editor/Data/Managed'
Mono path[1] = 'C:/Program Files/Unity/Hub/Editor/2020.2.1f1/Editor/Data/MonoBleedingEdge/lib/mono/unityjit'
Mono config path = 'C:/Program Files/Unity/Hub/Editor/2020.2.1f1/Editor/Data/MonoBleedingEdge/etc'
Using monoOptions --debugger-agent=transport=dt_socket,embedding=1,server=y,suspend=n,address=127.0.0.1:56436
Begin MonoManager ReloadAssembly
Registering precompiled unity dll's ...
Register platform support module: C:/Program Files/Unity/Hub/Editor/2020.2.1f1/Editor/Data/PlaybackEngines/WindowsStandaloneSupport/UnityEditor.WindowsStandalone.Extensions.dll
Registered in 0.079926 seconds.
Native extension for WindowsStandalone target not found
Refreshing native plugins compatible for Editor in 40.42 ms, found 1 plugins.
Preloading 0 native plugins for Editor in 0.00 ms.
Invoked RoslynAnalysisRunner static constructor.
RoslynAnalysisRunner will not be running.
RoslynAnalysisRunner has terminated.
Mono: successfully reloaded assembly
- Completed reload, in  2.578 seconds
Platform modules already initialized, skipping
Registering precompiled user dll's ...
Registered in 0.250504 seconds.
Begin MonoManager ReloadAssembly
Native extension for WindowsStandalone target not found
Refreshing native plugins compatible for Editor in 0.50 ms, found 1 plugins.
Preloading 0 native plugins for Editor in 0.00 ms.
Invoked RoslynAnalysisRunner static constructor.
RoslynAnalysisRunner will not be running.
RoslynAnalysisRunner has terminated.
Mono: successfully reloaded assembly
- Completed reload, in  0.903 seconds
Platform modules already initialized, skipping
========================================================================
Worker process is ready to serve import requests
Launched and connected shader compiler UnityShaderCompiler.exe after 0.06 seconds
Refreshing native plugins compatible for Editor in 0.51 ms, found 1 plugins.
Preloading 0 native plugins for Editor in 0.00 ms.
Unloading 2045 Unused Serialized files (Serialized files now loaded: 0)
System memory in use before: 92.8 MB.
System memory in use after: 92.7 MB.

Unloading 49 unused Assets to reduce memory usage. Loaded Objects now: 2467.
Total: 2.032100 ms (FindLiveObjects: 0.168800 ms CreateObjectMapping: 0.121600 ms MarkObjects: 1.531600 ms  DeleteObjects: 0.209500 ms)

========================================================================
Received Import Request.
  path: Assets/Scripts/Enemies/Bandit/BanditAttackBehaviour.cs
  artifactKey: Guid(c423b40822070e543bf28b64369ce00e) Importer(815301076,1909f56bfc062723c751e8b465ee728b)
Start importing Assets/Scripts/Enemies/Bandit/BanditAttackBehaviour.cs using Guid(c423b40822070e543bf28b64369ce00e) Importer(815301076,1909f56bfc062723c751e8b465ee728b)  -> (artifact id: '1f7ef9c60b97de4caee3d25c87e284c0') in 0.021355 seconds
  Import took 0.024041 seconds .

========================================================================
Received Import Request.
  Time since last request: 0.000265 seconds.
  path: Assets/Scripts/Enemies/Bandit
  artifactKey: Guid(20853dd5b6effd5458b42fc750e81604) Importer(815301076,1909f56bfc062723c751e8b465ee728b)
Start importing Assets/Scripts/Enemies/Bandit using Guid(20853dd5b6effd5458b42fc750e81604) Importer(815301076,1909f56bfc062723c751e8b465ee728b)  -> (artifact id: 'f196b33d4bba5bdcf5264dfba1b3a3e2') in 0.004355 seconds
  Import took 0.006755 seconds .

========================================================================
Received Import Request.
  Time since last request: 0.000248 seconds.
  path: Assets/Scripts/Enemies/Bandit/Bandit.cs
  artifactKey: Guid(fdeab71e0cefb0244b53eff30932e482) Importer(815301076,1909f56bfc062723c751e8b465ee728b)
Start importing Assets/Scripts/Enemies/Bandit/Bandit.cs using Guid(fdeab71e0cefb0244b53eff30932e482) Importer(815301076,1909f56bfc062723c751e8b465ee728b)  -> (artifact id: 'f6c61ce42964ba4948c64d6fd71cc1f3') in 0.001584 seconds
  Import took 0.003825 seconds .

========================================================================
Received Prepare
Registering precompiled user dll's ...
Registered in 0.002932 seconds.
Begin MonoManager ReloadAssembly
Native extension for WindowsStandalone target not found
Refreshing native plugins compatible for Editor in 0.48 ms, found 1 plugins.
Preloading 0 native plugins for Editor in 0.00 ms.
Invoked RoslynAnalysisRunner static constructor.
RoslynAnalysisRunner will not be running.
RoslynAnalysisRunner has terminated.
Mono: successfully reloaded assembly
- Completed reload, in  0.690 seconds
Platform modules already initialized, skipping
Refreshing native plugins compatible for Editor in 0.52 ms, found 1 plugins.
Preloading 0 native plugins for Editor in 0.00 ms.
Unloading 2032 Unused Serialized files (Serialized files now loaded: 0)
System memory in use before: 92.4 MB.
System memory in use after: 92.3 MB.

Unloading 38 unused Assets to reduce memory usage. Loaded Objects now: 2469.
Total: 6.778400 ms (FindLiveObjects: 0.511800 ms CreateObjectMapping: 0.309200 ms MarkObjects: 5.476400 ms  DeleteObjects: 0.478000 ms)

========================================================================
Received Import Request.
  Time since last request: 1.535190 seconds.
  path: Assets/Scripts/Enemies/Bandit/BanditBaseFSM.cs
  artifactKey: Guid(c42373e174a85494e9c510c30d4ea50e) Importer(815301076,1909f56bfc062723c751e8b465ee728b)
Start importing Assets/Scripts/Enemies/Bandit/BanditBaseFSM.cs using Guid(c42373e174a85494e9c510c30d4ea50e) Importer(815301076,1909f56bfc062723c751e8b465ee728b)  -> (artifact id: '6e883f0776f12cce907975818677afce') in 0.014299 seconds
  Import took 0.021803 seconds .

========================================================================
Received Import Request.
  Time since last request: 1.872210 seconds.
  path: Assets/Scripts/Enemies/Bandit/BanditHurtBehaviour.cs
  artifactKey: Guid(357450b1574caaa4cbc4ee610b5d9fbf) Importer(815301076,1909f56bfc062723c751e8b465ee728b)
Start importing Assets/Scripts/Enemies/Bandit/BanditHurtBehaviour.cs using Guid(357450b1574caaa4cbc4ee610b5d9fbf) Importer(815301076,1909f56bfc062723c751e8b465ee728b)  -> (artifact id: '50e53c2324cb487c850066fb647149cf') in 0.005959 seconds
  Import took 0.009217 seconds .

========================================================================
Received Import Request.
  Time since last request: 0.430082 seconds.
  path: Assets/Scripts/Enemies/Bandit/BanditIdleBehaviour.cs
  artifactKey: Guid(8686bdb91d85135488ce5b42bd250f73) Importer(815301076,1909f56bfc062723c751e8b465ee728b)
Start importing Assets/Scripts/Enemies/Bandit/BanditIdleBehaviour.cs using Guid(8686bdb91d85135488ce5b42bd250f73) Importer(815301076,1909f56bfc062723c751e8b465ee728b)  -> (artifact id: 'f5ef5514d9bce2f58a65b283b3a34d92') in 0.006332 seconds
  Import took 0.009843 seconds .

========================================================================
Received Import Request.
  Time since last request: 0.466476 seconds.
  path: Assets/Scripts/Enemies/Bandit/BanditWanderBehaviour.cs
  artifactKey: Guid(dedcdf7c835ecdc46a2a5ab3230e9d1f) Importer(815301076,1909f56bfc062723c751e8b465ee728b)
Start importing Assets/Scripts/Enemies/Bandit/BanditWanderBehaviour.cs using Guid(dedcdf7c835ecdc46a2a5ab3230e9d1f) Importer(815301076,1909f56bfc062723c751e8b465ee728b)  -> (artifact id: '39e0f017bef1088ad56336823c28652c') in 0.006251 seconds
  Import took 0.009639 seconds .

========================================================================
Received Import Request.
  Time since last request: 2.071377 seconds.
  path: Assets/Scripts/Enemies/Bandit/BanditAtkIdleBehaviour.cs
  artifactKey: Guid(12373cf4666b4b94ebc2aefd0ec54841) Importer(815301076,1909f56bfc062723c751e8b465ee728b)
Start importing Assets/Scripts/Enemies/Bandit/BanditAtkIdleBehaviour.cs using Guid(12373cf4666b4b94ebc2aefd0ec54841) Importer(815301076,1909f56bfc062723c751e8b465ee728b)  -> (artifact id: '1429756ffc5c2f0dd270190a5cfb3497') in 0.005483 seconds
  Import took 0.012753 seconds .

========================================================================
Received Import Request.
  Time since last request: 0.001867 seconds.
  path: Assets/Scripts/Enemies/Bandit/BanditAtkIdleBehaviour.cs
  artifactKey: Guid(12373cf4666b4b94ebc2aefd0ec54841) Importer(815301076,1909f56bfc062723c751e8b465ee728b)
Start importing Assets/Scripts/Enemies/Bandit/BanditAtkIdleBehaviour.cs using Guid(12373cf4666b4b94ebc2aefd0ec54841) Importer(815301076,1909f56bfc062723c751e8b465ee728b)  -> (artifact id: '1429756ffc5c2f0dd270190a5cfb3497') in 0.001765 seconds
  Import took 0.004440 seconds .

========================================================================
Received Import Request.
  Time since last request: 11.432916 seconds.
  path: Assets/Scripts/Enemies/Enemies
  artifactKey: Guid(f222545e2ea3a5c499a792aa27155e54) Importer(815301076,1909f56bfc062723c751e8b465ee728b)
Start importing Assets/Scripts/Enemies/Enemies using Guid(f222545e2ea3a5c499a792aa27155e54) Importer(815301076,1909f56bfc062723c751e8b465ee728b)  -> (artifact id: '415cfe6d69ba23e609e6aa856cce30c0') in 0.005758 seconds
  Import took 0.008695 seconds .

========================================================================
Received Prepare
Registering precompiled user dll's ...
Registered in 0.002926 seconds.
Begin MonoManager ReloadAssembly
Native extension for WindowsStandalone target not found
Refreshing native plugins compatible for Editor in 0.51 ms, found 1 plugins.
Preloading 0 native plugins for Editor in 0.00 ms.
Invoked RoslynAnalysisRunner static constructor.
RoslynAnalysisRunner will not be running.
RoslynAnalysisRunner has terminated.
Mono: successfully reloaded assembly
- Completed reload, in  0.715 seconds
Platform modules already initialized, skipping
Refreshing native plugins compatible for Editor in 0.67 ms, found 1 plugins.
Preloading 0 native plugins for Editor in 0.00 ms.
Unloading 2032 Unused Serialized files (Serialized files now loaded: 0)
System memory in use before: 92.7 MB.
System memory in use after: 92.6 MB.

Unloading 38 unused Assets to reduce memory usage. Loaded Objects now: 2471.
Total: 1.651200 ms (FindLiveObjects: 0.161400 ms CreateObjectMapping: 0.068900 ms MarkObjects: 1.295200 ms  DeleteObjects: 0.125100 ms)

========================================================================
Received Prepare
Registering precompiled user dll's ...
Registered in 0.002904 seconds.
Begin MonoManager ReloadAssembly
Native extension for WindowsStandalone target not found
Refreshing native plugins compatible for Editor in 0.48 ms, found 1 plugins.
Preloading 0 native plugins for Editor in 0.00 ms.
Invoked RoslynAnalysisRunner static constructor.
RoslynAnalysisRunner will not be running.
RoslynAnalysisRunner has terminated.
Mono: successfully reloaded assembly
- Completed reload, in  0.680 seconds
Platform modules already initialized, skipping
Refreshing native plugins compatible for Editor in 0.50 ms, found 1 plugins.
Preloading 0 native plugins for Editor in 0.00 ms.
Unloading 2032 Unused Serialized files (Serialized files now loaded: 0)
System memory in use before: 92.9 MB.
System memory in use after: 92.8 MB.

Unloading 38 unused Assets to reduce memory usage. Loaded Objects now: 2473.
Total: 2.192000 ms (FindLiveObjects: 0.231500 ms CreateObjectMapping: 0.153000 ms MarkObjects: 1.675100 ms  DeleteObjects: 0.131400 ms)

========================================================================
Received Import Request.
  Time since last request: 8.546713 seconds.
  path: Assets/Scripts/Enemies/EnemyAnimation.cs
  artifactKey: Guid(77250af5c35ce34489d231dc3b85d3f7) Importer(815301076,1909f56bfc062723c751e8b465ee728b)
Start importing Assets/Scripts/Enemies/EnemyAnimation.cs using Guid(77250af5c35ce34489d231dc3b85d3f7) Importer(815301076,1909f56bfc062723c751e8b465ee728b)  -> (artifact id: '0e7b95bf40242aa3836aae74b1671c03') in 0.007712 seconds
  Import took 0.010965 seconds .

========================================================================
Received Prepare
Registering precompiled user dll's ...
Registered in 0.003025 seconds.
Begin MonoManager ReloadAssembly
Native extension for WindowsStandalone target not found
Refreshing native plugins compatible for Editor in 0.56 ms, found 1 plugins.
Preloading 0 native plugins for Editor in 0.00 ms.
Invoked RoslynAnalysisRunner static constructor.
RoslynAnalysisRunner will not be running.
RoslynAnalysisRunner has terminated.
Mono: successfully reloaded assembly
- Completed reload, in  0.706 seconds
Platform modules already initialized, skipping
Refreshing native plugins compatible for Editor in 0.50 ms, found 1 plugins.
Preloading 0 native plugins for Editor in 0.00 ms.
Unloading 2032 Unused Serialized files (Serialized files now loaded: 0)
System memory in use before: 93.1 MB.
System memory in use after: 93.0 MB.

Unloading 38 unused Assets to reduce memory usage. Loaded Objects now: 2475.
Total: 1.903700 ms (FindLiveObjects: 0.199000 ms CreateObjectMapping: 0.112000 ms MarkObjects: 1.430400 ms  DeleteObjects: 0.161300 ms)

========================================================================
Received Import Request.
  Time since last request: 9.225857 seconds.
  path: Assets/Scripts/Enemies/Zombie
  artifactKey: Guid(6bba43e6475ae994892e226f21257de8) Importer(815301076,1909f56bfc062723c751e8b465ee728b)
Start importing Assets/Scripts/Enemies/Zombie using Guid(6bba43e6475ae994892e226f21257de8) Importer(815301076,1909f56bfc062723c751e8b465ee728b)  -> (artifact id: '4baf4b5e4b5b89bd3eb28544a3107a4d') in 0.012079 seconds
  Import took 0.015263 seconds .

========================================================================
Received Prepare
Registering precompiled user dll's ...
Registered in 0.002904 seconds.
Begin MonoManager ReloadAssembly
Native extension for WindowsStandalone target not found
Refreshing native plugins compatible for Editor in 0.49 ms, found 1 plugins.
Preloading 0 native plugins for Editor in 0.00 ms.
Invoked RoslynAnalysisRunner static constructor.
RoslynAnalysisRunner will not be running.
RoslynAnalysisRunner has terminated.
Mono: successfully reloaded assembly
- Completed reload, in  0.683 seconds
Platform modules already initialized, skipping
Refreshing native plugins compatible for Editor in 0.49 ms, found 1 plugins.
Preloading 0 native plugins for Editor in 0.00 ms.
Unloading 2032 Unused Serialized files (Serialized files now loaded: 0)
System memory in use before: 93.3 MB.
System memory in use after: 93.3 MB.

Unloading 38 unused Assets to reduce memory usage. Loaded Objects now: 2477.
Total: 1.878700 ms (FindLiveObjects: 0.245300 ms CreateObjectMapping: 0.065800 ms MarkObjects: 1.373100 ms  DeleteObjects: 0.193800 ms)

========================================================================
Received Import Request.
  Time since last request: 10.169946 seconds.
  path: Assets/Scripts/Enemies/Dragon
  artifactKey: Guid(e289838ba05cedf4da5d85bdb0817d9b) Importer(815301076,1909f56bfc062723c751e8b465ee728b)
Start importing Assets/Scripts/Enemies/Dragon using Guid(e289838ba05cedf4da5d85bdb0817d9b) Importer(815301076,1909f56bfc062723c751e8b465ee728b)  -> (artifact id: 'fbb3acafede5d75e96f23f18d9def460') in 0.013339 seconds
  Import took 0.016292 seconds .

========================================================================
Received Prepare
Registering precompiled user dll's ...
Registered in 0.003361 seconds.
Begin MonoManager ReloadAssembly
Native extension for WindowsStandalone target not found
Refreshing native plugins compatible for Editor in 0.50 ms, found 1 plugins.
Preloading 0 native plugins for Editor in 0.00 ms.
Invoked RoslynAnalysisRunner static constructor.
RoslynAnalysisRunner will not be running.
RoslynAnalysisRunner has terminated.
Mono: successfully reloaded assembly
- Completed reload, in  0.690 seconds
Platform modules already initialized, skipping
Refreshing native plugins compatible for Editor in 0.57 ms, found 1 plugins.
Preloading 0 native plugins for Editor in 0.00 ms.
Unloading 2032 Unused Serialized files (Serialized files now loaded: 0)
System memory in use before: 93.6 MB.
System memory in use after: 93.5 MB.

Unloading 38 unused Assets to reduce memory usage. Loaded Objects now: 2479.
Total: 1.945500 ms (FindLiveObjects: 0.205200 ms CreateObjectMapping: 0.065800 ms MarkObjects: 1.500300 ms  DeleteObjects: 0.173500 ms)

========================================================================
Received Prepare
Registering precompiled user dll's ...
Registered in 0.002912 seconds.
Begin MonoManager ReloadAssembly
Native extension for WindowsStandalone target not found
Refreshing native plugins compatible for Editor in 0.50 ms, found 1 plugins.
Preloading 0 native plugins for Editor in 0.00 ms.
Invoked RoslynAnalysisRunner static constructor.
RoslynAnalysisRunner will not be running.
RoslynAnalysisRunner has terminated.
Mono: successfully reloaded assembly
- Completed reload, in  0.665 seconds
Platform modules already initialized, skipping
Refreshing native plugins compatible for Editor in 0.51 ms, found 1 plugins.
Preloading 0 native plugins for Editor in 0.00 ms.
Unloading 2032 Unused Serialized files (Serialized files now loaded: 0)
System memory in use before: 93.8 MB.
System memory in use after: 93.7 MB.

Unloading 38 unused Assets to reduce memory usage. Loaded Objects now: 2481.
Total: 1.777700 ms (FindLiveObjects: 0.163100 ms CreateObjectMapping: 0.063500 ms MarkObjects: 1.396800 ms  DeleteObjects: 0.153600 ms)

========================================================================
Received Import Request.
  Time since last request: 86.909967 seconds.
  path: Assets/Dragon.cs
  artifactKey: Guid(b9234fa5bd4aeb04dbdd5f91d9e31b17) Importer(815301076,1909f56bfc062723c751e8b465ee728b)
Start importing Assets/Dragon.cs using Guid(b9234fa5bd4aeb04dbdd5f91d9e31b17) Importer(815301076,1909f56bfc062723c751e8b465ee728b)  -> (artifact id: '28f92d375dc032d99b0ff60be87fc454') in 0.005843 seconds
  Import took 0.008532 seconds .

========================================================================
Received Import Request.
  Time since last request: 0.021607 seconds.
  path: Assets/Dragon.cs
  artifactKey: Guid(b9234fa5bd4aeb04dbdd5f91d9e31b17) Importer(815301076,1909f56bfc062723c751e8b465ee728b)
Start importing Assets/Dragon.cs using Guid(b9234fa5bd4aeb04dbdd5f91d9e31b17) Importer(815301076,1909f56bfc062723c751e8b465ee728b)  -> (artifact id: '28f92d375dc032d99b0ff60be87fc454') in 0.001899 seconds
  Import took 0.005138 seconds .

========================================================================
Received Import Request.
  Time since last request: 0.407121 seconds.
  path: Assets/DragonHealth.cs
  artifactKey: Guid(926923826bd641842b30ca74bc584142) Importer(815301076,1909f56bfc062723c751e8b465ee728b)
Start importing Assets/DragonHealth.cs using Guid(926923826bd641842b30ca74bc584142) Importer(815301076,1909f56bfc062723c751e8b465ee728b)  -> (artifact id: '7c0bf7b919c2dba57cc0c3ee12d98414') in 0.005703 seconds
  Import took 0.008379 seconds .

========================================================================
Received Import Request.
  Time since last request: 0.001641 seconds.
  path: Assets/DragonHealth.cs
  artifactKey: Guid(926923826bd641842b30ca74bc584142) Importer(815301076,1909f56bfc062723c751e8b465ee728b)
Start importing Assets/DragonHealth.cs using Guid(926923826bd641842b30ca74bc584142) Importer(815301076,1909f56bfc062723c751e8b465ee728b)  -> (artifact id: '7c0bf7b919c2dba57cc0c3ee12d98414') in 0.001695 seconds
  Import took 0.004723 seconds .

========================================================================
Received Prepare
Registering precompiled user dll's ...
Registered in 0.002804 seconds.
Begin MonoManager ReloadAssembly
Native extension for WindowsStandalone target not found
Refreshing native plugins compatible for Editor in 0.62 ms, found 1 plugins.
Preloading 0 native plugins for Editor in 0.00 ms.
Invoked RoslynAnalysisRunner static constructor.
RoslynAnalysisRunner will not be running.
RoslynAnalysisRunner has terminated.
Mono: successfully reloaded assembly
- Completed reload, in  0.691 seconds
Platform modules already initialized, skipping
Refreshing native plugins compatible for Editor in 0.49 ms, found 1 plugins.
Preloading 0 native plugins for Editor in 0.00 ms.
Unloading 2032 Unused Serialized files (Serialized files now loaded: 0)
System memory in use before: 94.0 MB.
System memory in use after: 93.9 MB.

Unloading 38 unused Assets to reduce memory usage. Loaded Objects now: 2483.
Total: 2.388800 ms (FindLiveObjects: 0.226900 ms CreateObjectMapping: 0.092300 ms MarkObjects: 1.902400 ms  DeleteObjects: 0.166400 ms)

========================================================================
Received Prepare
Registering precompiled user dll's ...
Registered in 0.002817 seconds.
Begin MonoManager ReloadAssembly
Native extension for WindowsStandalone target not found
Refreshing native plugins compatible for Editor in 0.68 ms, found 1 plugins.
Preloading 0 native plugins for Editor in 0.00 ms.
Invoked RoslynAnalysisRunner static constructor.
RoslynAnalysisRunner will not be running.
RoslynAnalysisRunner has terminated.
Mono: successfully reloaded assembly
- Completed reload, in  0.722 seconds
Platform modules already initialized, skipping
Refreshing native plugins compatible for Editor in 0.55 ms, found 1 plugins.
Preloading 0 native plugins for Editor in 0.00 ms.
Unloading 2032 Unused Serialized files (Serialized files now loaded: 0)
System memory in use before: 94.1 MB.
System memory in use after: 94.0 MB.

Unloading 38 unused Assets to reduce memory usage. Loaded Objects now: 2485.
Total: 1.845900 ms (FindLiveObjects: 0.198600 ms CreateObjectMapping: 0.112400 ms MarkObjects: 1.405000 ms  DeleteObjects: 0.129200 ms)

========================================================================
Received Import Request.
  Time since last request: 594.197902 seconds.
  path: Assets/Scenes/Level 1.unity
  artifactKey: Guid(99c9720ab356a0642a771bea13969a05) Importer(815301076,1909f56bfc062723c751e8b465ee728b)
Start importing Assets/Scenes/Level 1.unity using Guid(99c9720ab356a0642a771bea13969a05) Importer(815301076,1909f56bfc062723c751e8b465ee728b)  -> (artifact id: '4cb02c2dbcecdf553d2dfa618cdc27ea') in 0.013777 seconds
  Import took 0.016418 seconds .

========================================================================
Received Import Request.
  Time since last request: 10.991530 seconds.
  path: Assets/Scenes/Level 2.unity
  artifactKey: Guid(c9bbd72e2d2dfa642899aa7e69465cd1) Importer(815301076,1909f56bfc062723c751e8b465ee728b)
Start importing Assets/Scenes/Level 2.unity using Guid(c9bbd72e2d2dfa642899aa7e69465cd1) Importer(815301076,1909f56bfc062723c751e8b465ee728b)  -> (artifact id: 'dd5df5cdac1a7f090f011f25b3bbe5fd') in 0.011614 seconds
  Import took 0.014304 seconds .

========================================================================
Received Import Request.
  Time since last request: 30.843096 seconds.
  path: Assets/Scenes/Level 2.unity
  artifactKey: Guid(c9bbd72e2d2dfa642899aa7e69465cd1) Importer(815301076,1909f56bfc062723c751e8b465ee728b)
Start importing Assets/Scenes/Level 2.unity using Guid(c9bbd72e2d2dfa642899aa7e69465cd1) Importer(815301076,1909f56bfc062723c751e8b465ee728b)  -> (artifact id: '53d116cb37af7318375b55289d26af9a') in 0.002640 seconds
  Import took 0.006286 seconds .

========================================================================
Received Import Request.
  Time since last request: 47.635438 seconds.
  path: Assets/Prefabs/CameraMarkers.prefab
  artifactKey: Guid(45eef8b4ae39df141abfbbd628b8b0da) Importer(815301076,1909f56bfc062723c751e8b465ee728b)
Start importing Assets/Prefabs/CameraMarkers.prefab using Guid(45eef8b4ae39df141abfbbd628b8b0da) Importer(815301076,1909f56bfc062723c751e8b465ee728b)  -> (artifact id: 'b7cfb3af6abbe33c9f5b054ae2e6df7d') in 0.019798 seconds
  Import took 0.022658 seconds .

========================================================================
Received Import Request.
  Time since last request: 0.001331 seconds.
  path: Assets/Prefabs/CameraMarkers.prefab
  artifactKey: Guid(45eef8b4ae39df141abfbbd628b8b0da) Importer(815301076,1909f56bfc062723c751e8b465ee728b)
Start importing Assets/Prefabs/CameraMarkers.prefab using Guid(45eef8b4ae39df141abfbbd628b8b0da) Importer(815301076,1909f56bfc062723c751e8b465ee728b)  -> (artifact id: 'b7cfb3af6abbe33c9f5b054ae2e6df7d') in 0.003231 seconds
  Import took 0.005914 seconds .

========================================================================
Received Prepare
Registering precompiled user dll's ...
Registered in 0.003288 seconds.
Begin MonoManager ReloadAssembly
Native extension for WindowsStandalone target not found
Refreshing native plugins compatible for Editor in 0.54 ms, found 1 plugins.
Preloading 0 native plugins for Editor in 0.00 ms.
Invoked RoslynAnalysisRunner static constructor.
RoslynAnalysisRunner will not be running.
RoslynAnalysisRunner has terminated.
Mono: successfully reloaded assembly
- Completed reload, in  0.714 seconds
Platform modules already initialized, skipping
Refreshing native plugins compatible for Editor in 0.63 ms, found 1 plugins.
Preloading 0 native plugins for Editor in 0.00 ms.
Unloading 2032 Unused Serialized files (Serialized files now loaded: 0)
System memory in use before: 93.5 MB.
System memory in use after: 93.4 MB.

Unloading 38 unused Assets to reduce memory usage. Loaded Objects now: 2487.
Total: 1.826100 ms (FindLiveObjects: 0.207700 ms CreateObjectMapping: 0.068400 ms MarkObjects: 1.369900 ms  DeleteObjects: 0.179400 ms)

========================================================================
Received Import Request.
  Time since last request: 118.916802 seconds.
  path: Assets/Scenes/Level 1.unity
  artifactKey: Guid(99c9720ab356a0642a771bea13969a05) Importer(815301076,1909f56bfc062723c751e8b465ee728b)
Start importing Assets/Scenes/Level 1.unity using Guid(99c9720ab356a0642a771bea13969a05) Importer(815301076,1909f56bfc062723c751e8b465ee728b)  -> (artifact id: '036b9b3226dc9d2bbd3c3b9d4a25cd13') in 0.011338 seconds
  Import took 0.014599 seconds .

========================================================================
Received Import Request.
  Time since last request: 112.166370 seconds.
  path: Assets/Scenes/Level 2.unity
  artifactKey: Guid(c9bbd72e2d2dfa642899aa7e69465cd1) Importer(815301076,1909f56bfc062723c751e8b465ee728b)
Start importing Assets/Scenes/Level 2.unity using Guid(c9bbd72e2d2dfa642899aa7e69465cd1) Importer(815301076,1909f56bfc062723c751e8b465ee728b)  -> (artifact id: 'ad5b959b07eba2b97a7caea83bdce774') in 0.002197 seconds
  Import took 0.005249 seconds .

========================================================================
Received Prepare
Registering precompiled user dll's ...
Registered in 0.002837 seconds.
Begin MonoManager ReloadAssembly
Native extension for WindowsStandalone target not found
Refreshing native plugins compatible for Editor in 0.58 ms, found 1 plugins.
Preloading 0 native plugins for Editor in 0.00 ms.
Invoked RoslynAnalysisRunner static constructor.
RoslynAnalysisRunner will not be running.
RoslynAnalysisRunner has terminated.
Mono: successfully reloaded assembly
- Completed reload, in  0.693 seconds
Platform modules already initialized, skipping
Refreshing native plugins compatible for Editor in 0.57 ms, found 1 plugins.
Preloading 0 native plugins for Editor in 0.00 ms.
Unloading 2032 Unused Serialized files (Serialized files now loaded: 0)
System memory in use before: 93.7 MB.
System memory in use after: 93.6 MB.

Unloading 38 unused Assets to reduce memory usage. Loaded Objects now: 2489.
Total: 6.681400 ms (FindLiveObjects: 0.507700 ms CreateObjectMapping: 0.326300 ms MarkObjects: 5.354300 ms  DeleteObjects: 0.489800 ms)

========================================================================
Received Import Request.
  Time since last request: 27.637844 seconds.
  path: Assets/Scenes/Level 1.unity
  artifactKey: Guid(99c9720ab356a0642a771bea13969a05) Importer(815301076,1909f56bfc062723c751e8b465ee728b)
Start importing Assets/Scenes/Level 1.unity using Guid(99c9720ab356a0642a771bea13969a05) Importer(815301076,1909f56bfc062723c751e8b465ee728b)  -> (artifact id: 'f33792ca2cf800d17afc2603681b5be0') in 0.010061 seconds
  Import took 0.012951 seconds .

========================================================================
Received Prepare
Registering precompiled user dll's ...
Registered in 0.002931 seconds.
Begin MonoManager ReloadAssembly
Native extension for WindowsStandalone target not found
Refreshing native plugins compatible for Editor in 0.51 ms, found 1 plugins.
Preloading 0 native plugins for Editor in 0.00 ms.
Invoked RoslynAnalysisRunner static constructor.
RoslynAnalysisRunner will not be running.
RoslynAnalysisRunner has terminated.
Mono: successfully reloaded assembly
- Completed reload, in  0.701 seconds
Platform modules already initialized, skipping
Refreshing native plugins compatible for Editor in 0.50 ms, found 1 plugins.
Preloading 0 native plugins for Editor in 0.00 ms.
Unloading 2032 Unused Serialized files (Serialized files now loaded: 0)
System memory in use before: 93.9 MB.
System memory in use after: 93.8 MB.

Unloading 38 unused Assets to reduce memory usage. Loaded Objects now: 2491.
Total: 1.806100 ms (FindLiveObjects: 0.167000 ms CreateObjectMapping: 0.080800 ms MarkObjects: 1.432000 ms  DeleteObjects: 0.125800 ms)

========================================================================
Received Import Request.
  Time since last request: 94.626327 seconds.
  path: Assets/Scenes/Level 2.unity
  artifactKey: Guid(c9bbd72e2d2dfa642899aa7e69465cd1) Importer(815301076,1909f56bfc062723c751e8b465ee728b)
Start importing Assets/Scenes/Level 2.unity using Guid(c9bbd72e2d2dfa642899aa7e69465cd1) Importer(815301076,1909f56bfc062723c751e8b465ee728b)  -> (artifact id: '4f402bc8e008e8d5c0b90aac22327a71') in 0.010512 seconds
  Import took 0.013463 seconds .

========================================================================
Received Prepare
Registering precompiled user dll's ...
Registered in 0.002935 seconds.
Begin MonoManager ReloadAssembly
Native extension for WindowsStandalone target not found
Refreshing native plugins compatible for Editor in 0.49 ms, found 1 plugins.
Preloading 0 native plugins for Editor in 0.00 ms.
Invoked RoslynAnalysisRunner static constructor.
RoslynAnalysisRunner will not be running.
RoslynAnalysisRunner has terminated.
Mono: successfully reloaded assembly
- Completed reload, in  0.690 seconds
Platform modules already initialized, skipping
Refreshing native plugins compatible for Editor in 0.52 ms, found 1 plugins.
Preloading 0 native plugins for Editor in 0.00 ms.
Unloading 2032 Unused Serialized files (Serialized files now loaded: 0)
System memory in use before: 94.2 MB.
System memory in use after: 94.1 MB.

Unloading 38 unused Assets to reduce memory usage. Loaded Objects now: 2493.
Total: 1.667500 ms (FindLiveObjects: 0.151800 ms CreateObjectMapping: 0.064800 ms MarkObjects: 1.292500 ms  DeleteObjects: 0.157900 ms)

AssetImportWorkerClient::OnTransportError - code=2 error=End of file
